  player.cpp
C:\Users\jsiri\CS20A-Class-Projects\CS20AProject4\CS20AProject4\dllist.h(263,24): warning C4291: 'void *operator new(size_t,const char *,const char *,int)': no matching operator delete found; memory will not be freed if initialization throws an exception
  (compiling source file 'player.cpp')
  C:\Users\jsiri\CS20A-Class-Projects\CS20AProject4\CS20AProject4\memorymanager.h(12,7):
  see declaration of 'operator new'
  C:\Users\jsiri\CS20A-Class-Projects\CS20AProject4\CS20AProject4\dllist.h(263,24):
  the template instantiation context (the oldest one first) is
  	C:\Users\jsiri\CS20A-Class-Projects\CS20AProject4\CS20AProject4\player.h(36,14):
  	see reference to class template instantiation 'Stack<Room>' being compiled
  	C:\Users\jsiri\CS20A-Class-Projects\CS20AProject4\CS20AProject4\stack.h(29,15):
  	see reference to class template instantiation 'DLList<Type>' being compiled
          with
          [
              Type=Room
          ]
  	C:\Users\jsiri\CS20A-Class-Projects\CS20AProject4\CS20AProject4\dllist.h(259,47):
  	while compiling class template member function 'void DLList<Type>::add_front(const Item &)'
          with
          [
              Type=Room,
              Item=Room
          ]
  		C:\Users\jsiri\CS20A-Class-Projects\CS20AProject4\CS20AProject4\player.cpp(20,29):
  		see the first reference to 'DLList<Type>::add_front' in 'Player::Player'
          with
          [
              Type=Room
          ]
  
C:\Users\jsiri\CS20A-Class-Projects\CS20AProject4\CS20AProject4\dllist.h(269,30): warning C4291: 'void *operator new(size_t,const char *,const char *,int)': no matching operator delete found; memory will not be freed if initialization throws an exception
  (compiling source file 'player.cpp')
  C:\Users\jsiri\CS20A-Class-Projects\CS20AProject4\CS20AProject4\memorymanager.h(12,7):
  see declaration of 'operator new'
  
C:\Users\jsiri\CS20A-Class-Projects\CS20AProject4\CS20AProject4\dllist.h(290,24): warning C4291: 'void *operator new(size_t,const char *,const char *,int)': no matching operator delete found; memory will not be freed if initialization throws an exception
  (compiling source file 'player.cpp')
  C:\Users\jsiri\CS20A-Class-Projects\CS20AProject4\CS20AProject4\memorymanager.h(12,7):
  see declaration of 'operator new'
  C:\Users\jsiri\CS20A-Class-Projects\CS20AProject4\CS20AProject4\dllist.h(290,24):
  the template instantiation context (the oldest one first) is
  	C:\Users\jsiri\CS20A-Class-Projects\CS20AProject4\CS20AProject4\dllist.h(286,46):
  	while compiling class template member function 'void DLList<Type>::add_rear(const Item &)'
          with
          [
              Type=Room,
              Item=Room
          ]
  		C:\Users\jsiri\CS20A-Class-Projects\CS20AProject4\CS20AProject4\player.cpp(146,31):
  		see the first reference to 'DLList<Type>::add_rear' in 'Player::update'
          with
          [
              Type=Room
          ]
  
C:\Users\jsiri\CS20A-Class-Projects\CS20AProject4\CS20AProject4\dllist.h(296,30): warning C4291: 'void *operator new(size_t,const char *,const char *,int)': no matching operator delete found; memory will not be freed if initialization throws an exception
  (compiling source file 'player.cpp')
  C:\Users\jsiri\CS20A-Class-Projects\CS20AProject4\CS20AProject4\memorymanager.h(12,7):
  see declaration of 'operator new'
  
  CS20AProject4.vcxproj -> C:\Users\jsiri\CS20A-Class-Projects\CS20AProject4\x64\Debug\CS20AProject4.exe
