  main.cpp
C:\Users\jsiri\CS20A-Class-Projects\CS20A Project 3\CS20A Project 3\dllist.h(208,24): warning C4291: 'void *operator new(size_t,const char *,const char *,int)': no matching operator delete found; memory will not be freed if initialization throws an exception
  (compiling source file 'main.cpp')
  C:\Users\jsiri\CS20A-Class-Projects\CS20A Project 3\CS20A Project 3\memorymanager.h(12,7):
  see declaration of 'operator new'
  C:\Users\jsiri\CS20A-Class-Projects\CS20A Project 3\CS20A Project 3\dllist.h(208,24):
  the template instantiation context (the oldest one first) is
  	C:\Users\jsiri\CS20A-Class-Projects\CS20A Project 3\CS20A Project 3\main.cpp(19,24):
  	see reference to class template instantiation 'DLList<int>' being compiled
  	C:\Users\jsiri\CS20A-Class-Projects\CS20A Project 3\CS20A Project 3\dllist.h(204,47):
  	while compiling class template member function 'void DLList<int>::add_front(const Item &)'
          with
          [
              Item=int
          ]
  		C:\Users\jsiri\CS20A-Class-Projects\CS20A Project 3\CS20A Project 3\main.cpp(23,14):
  		see the first reference to 'DLList<int>::add_front' in 'main'
  
C:\Users\jsiri\CS20A-Class-Projects\CS20A Project 3\CS20A Project 3\dllist.h(214,30): warning C4291: 'void *operator new(size_t,const char *,const char *,int)': no matching operator delete found; memory will not be freed if initialization throws an exception
  (compiling source file 'main.cpp')
  C:\Users\jsiri\CS20A-Class-Projects\CS20A Project 3\CS20A Project 3\memorymanager.h(12,7):
  see declaration of 'operator new'
  
C:\Users\jsiri\CS20A-Class-Projects\CS20A Project 3\CS20A Project 3\dllist.h(235,24): warning C4291: 'void *operator new(size_t,const char *,const char *,int)': no matching operator delete found; memory will not be freed if initialization throws an exception
  (compiling source file 'main.cpp')
  C:\Users\jsiri\CS20A-Class-Projects\CS20A Project 3\CS20A Project 3\memorymanager.h(12,7):
  see declaration of 'operator new'
  C:\Users\jsiri\CS20A-Class-Projects\CS20A Project 3\CS20A Project 3\dllist.h(235,24):
  the template instantiation context (the oldest one first) is
  	C:\Users\jsiri\CS20A-Class-Projects\CS20A Project 3\CS20A Project 3\dllist.h(231,46):
  	while compiling class template member function 'void DLList<int>::add_rear(const Item &)'
          with
          [
              Item=int
          ]
  		C:\Users\jsiri\CS20A-Class-Projects\CS20A Project 3\CS20A Project 3\main.cpp(21,13):
  		see the first reference to 'DLList<int>::add_rear' in 'main'
  
C:\Users\jsiri\CS20A-Class-Projects\CS20A Project 3\CS20A Project 3\dllist.h(241,30): warning C4291: 'void *operator new(size_t,const char *,const char *,int)': no matching operator delete found; memory will not be freed if initialization throws an exception
  (compiling source file 'main.cpp')
  C:\Users\jsiri\CS20A-Class-Projects\CS20A Project 3\CS20A Project 3\memorymanager.h(12,7):
  see declaration of 'operator new'
  
  CS20A Project 3.vcxproj -> C:\Users\jsiri\CS20A-Class-Projects\CS20A Project 3\x64\Debug\CS20A Project 3.exe
